ruu:2 lsq:2 0.45961 399511447.46961
ruu:2 lsq:4 0.45961 399720240.18851
ruu:2 lsq:8 0.45961 400134183.24411
ruu:2 lsq:16 0.45961 400982523.25561
ruu:2 lsq:32 0.45961 402712503.01711
ruu:2 lsq:64 0.45961 406271832.23761
ruu:2 lsq:128 0.45961 413804307.92031
ruu:2 lsq:256 0.45961 429123465.89401
ruu:4 lsq:2 0.69481 339957898.73391
ruu:4 lsq:4 0.78421 338913954.79351
ruu:4 lsq:8 0.78421 339299001.36761
ruu:4 lsq:16 0.78421 340093707.41391
ruu:4 lsq:32 0.78421 341683613.78961
ruu:4 lsq:64 0.78421 344974667.15221
ruu:4 lsq:128 0.78421 351850454.81821
ruu:4 lsq:256 0.78421 365680107.22281
ruu:8 lsq:2 0.75511 318873401.85171
ruu:8 lsq:4 1.10141 290435498.17741
ruu:8 lsq:8 1.18081 296843003.15111
ruu:8 lsq:16 1.18081 297691865.60771
ruu:8 lsq:32 1.18081 299404139.20121
ruu:8 lsq:64 1.18081 302889488.94331
ruu:8 lsq:128 1.18081 310077576.40641
ruu:8 lsq:256 1.18081 324287115.13121
ruu:16 lsq:2 0.76601 336160504.98411
ruu:16 lsq:4 1.14861 298879654.49371
ruu:16 lsq:8 1.51181 271801770.39641
ruu:16 lsq:16 1.53581 272851332.51941
ruu:16 lsq:32 1.53581 274481276.39961
ruu:16 lsq:64 1.53581 277795305.03141
ruu:16 lsq:128 1.53581 284599079.79421
ruu:16 lsq:256 1.53581 297818377.55331
ruu:32 lsq:2 0.76661 380450350.35091
ruu:32 lsq:4 1.15141 329576919.19311
ruu:32 lsq:8 1.60421 295149517.79641
ruu:32 lsq:16 1.90941 272844406.24141
ruu:32 lsq:32 1.93681 274240139.18941
ruu:32 lsq:64 1.93681 277520688.28821
ruu:32 lsq:128 1.93681 283939323.17701
ruu:32 lsq:256 1.93681 296892533.14941
ruu:64 lsq:2 0.76661 434376305.87561
ruu:64 lsq:4 1.15141 367770204.64111
ruu:64 lsq:8 1.60541 323820164.50411
ruu:64 lsq:16 1.96621 292786455.38081
ruu:64 lsq:32 2.06111 287210630.34301
ruu:64 lsq:64 2.05051 291729412.82541
ruu:64 lsq:128 2.05051 297492156.79181
ruu:64 lsq:256 2.05051 309489360.76211
ruu:128 lsq:2 0.76661 523656730.89301
ruu:128 lsq:4 1.15141 431283646.83681
ruu:128 lsq:8 1.60541 372094564.16311
ruu:128 lsq:16 1.96631 334019061.45461
ruu:128 lsq:32 2.08351 327645095.70451
ruu:128 lsq:64 2.19261 324645139.06381
ruu:128 lsq:128 2.19281 330295602.44051
ruu:128 lsq:256 2.19281 341974757.20041
ruu:256 lsq:2 0.76661 696862028.91631
ruu:256 lsq:4 1.15141 555312722.19531
ruu:256 lsq:8 1.60541 466933968.03091
ruu:256 lsq:16 1.96631 415190790.71221
ruu:256 lsq:32 2.08391 406669666.41061
ruu:256 lsq:64 2.23851 400203705.28041
ruu:256 lsq:128 2.44261 387401468.33021
ruu:256 lsq:256 2.44261 399369407.41611
